<?xml version="1.0" encoding="UTF-8"?>
<!-- Generated by org.testng.reporters.JUnitXMLReporter -->
<testsuite ignored="0" hostname="QA-006" failures="1" tests="10" name="Test1" time="37.054" errors="0" timestamp="2020-05-05T12:09:45 PKT">
  <testcase classname="pages.Agent_desk_page" name="Agent_Desktop" time="0.999"/>
  <testcase classname="pages.Agent_desk_page" name="Enter_Caution_Message" time="0.729"/>
  <testcase classname="pages.Agent_desk_page" name="Agent_Desk_tick_Correct_Qs" time="20.553">
    <failure type="org.openqa.selenium.TimeoutException" message="Expected condition failed: waiting for element to be clickable: [[ChromeDriver: chrome on WINDOWS (480f745eeff579a6a32566f15d95c153)] -&amp;gt; xpath: //tr[1]//td[3]//div[1]//label[1]] (tried for 20 second(s) with 500 milliseconds interval)
Build info: version: &amp;apos;3.141.59&amp;apos;, revision: &amp;apos;e82be7d358&amp;apos;, time: &amp;apos;2018-11-14T08:17:03&amp;apos;
System info: host: &amp;apos;QA-006&amp;apos;, ip: &amp;apos;192.168.0.201&amp;apos;, os.name: &amp;apos;Windows 10&amp;apos;, os.arch: &amp;apos;amd64&amp;apos;, os.version: &amp;apos;10.0&amp;apos;, java.version: &amp;apos;13.0.1&amp;apos;
Driver info: org.openqa.selenium.chrome.ChromeDriver
Capabilities {acceptInsecureCerts: false, browserName: chrome, browserVersion: 81.0.4044.129, chrome: {chromedriverVersion: 81.0.4044.69 (6813546031a4b..., userDataDir: C:\Users\TALHA~1.ARS\AppDat...}, goog:chromeOptions: {debuggerAddress: localhost:61874}, javascriptEnabled: true, networkConnectionEnabled: false, pageLoadStrategy: normal, platform: WINDOWS, platformName: WINDOWS, proxy: Proxy(), setWindowRect: true, strictFileInteractability: false, timeouts: {implicit: 0, pageLoad: 300000, script: 30000}, unhandledPromptBehavior: dismiss and notify, webauthn:virtualAuthenticators: true}
Session ID: 480f745eeff579a6a32566f15d95c153">
      <![CDATA[org.openqa.selenium.TimeoutException: Expected condition failed: waiting for element to be clickable: [[ChromeDriver: chrome on WINDOWS (480f745eeff579a6a32566f15d95c153)] -> xpath: //tr[1]//td[3]//div[1]//label[1]] (tried for 20 second(s) with 500 milliseconds interval)
Build info: version: '3.141.59', revision: 'e82be7d358', time: '2018-11-14T08:17:03'
System info: host: 'QA-006', ip: '192.168.0.201', os.name: 'Windows 10', os.arch: 'amd64', os.version: '10.0', java.version: '13.0.1'
Driver info: org.openqa.selenium.chrome.ChromeDriver
Capabilities {acceptInsecureCerts: false, browserName: chrome, browserVersion: 81.0.4044.129, chrome: {chromedriverVersion: 81.0.4044.69 (6813546031a4b..., userDataDir: C:\Users\TALHA~1.ARS\AppDat...}, goog:chromeOptions: {debuggerAddress: localhost:61874}, javascriptEnabled: true, networkConnectionEnabled: false, pageLoadStrategy: normal, platform: WINDOWS, platformName: WINDOWS, proxy: Proxy(), setWindowRect: true, strictFileInteractability: false, timeouts: {implicit: 0, pageLoad: 300000, script: 30000}, unhandledPromptBehavior: dismiss and notify, webauthn:virtualAuthenticators: true}
Session ID: 480f745eeff579a6a32566f15d95c153
at org.openqa.selenium.support.ui.WebDriverWait.timeoutException(WebDriverWait.java:95)
at org.openqa.selenium.support.ui.FluentWait.until(FluentWait.java:272)
at elements.Agent_desk_element.Click_Correct_radio1(Agent_desk_element.java:179)
at pages.Agent_desk_page.Agent_Desk_tick_Correct_Qs(Agent_desk_page.java:61)
at java.base/java.util.ArrayList.forEach(ArrayList.java:1507)
... Removed 27 stack frames]]>
    </failure>
  </testcase> <!-- Agent_Desk_tick_Correct_Qs -->
  <testcase classname="pages.Agent_desk_page" name="Agent_Desk_Session_box" time="2.146"/>
  <testcase classname="pages.Customer_page" name="Customer_tab" time="0.953"/>
  <testcase classname="pages.Customer_page" name="Cust_Cases" time="6.042"/>
  <testcase classname="pages.Cases_page" name="Case_Desktop_tab" time="0.547"/>
  <testcase classname="pages.Cases_page" name="Case_Add_new" time="2.2"/>
  <testcase classname="pages.Service_Mngt_page" name="Service_management_Desktop" time="0.277"/>
  <testcase classname="pages.Service_Mngt_page" name="Service_Mng_Add_new" time="1.643"/>
</testsuite> <!-- Test1 -->
